Build started 9/16/2018 12:58:59 AM.
     1>Project "C:\Development\SoundRecorder\directxProject\directxProject.vcxproj" on node 2 (build target(s)).
     1>InitializeBuildStatus:
         Creating "Debug\SoundRecorderProject.unsuccessfulbuild" because "AlwaysCreate" was specified.
       ClCompile:
         c:\app\VS2010\VC\bin\CL.exe /c /I"D:\Programming Projects\VisualStudio\Projects\directxProject" /I"C:\Development\SoundRecorder\OggVorbis-1.3.6\include" /I"C:\Program Files (x86)\Microsoft DirectX SDK (June 2010)\Include" /Z7 /nologo /W4 /WX- /Od /Oy- /Gm- /EHsc /MTd /GS /fp:precise /Zc:wchar_t /Zc:forScope /Fo"Debug\\" /Fd"Debug\vc100.pdb" /FR"Debug\\" /Gd /TP /analyze- /errorReport:prompt ..\OGGencoder.cpp
         OGGencoder.cpp
     1>..\OGGencoder.cpp(63): warning C4244: 'argument' : conversion from 'time_t' to 'unsigned int', possible loss of data
     1>..\OGGencoder.cpp(83): warning C4127: conditional expression is constant
     1>..\OGGencoder.cpp(158): warning C4127: conditional expression is constant
     1>..\OGGencoder.cpp(102): warning C4189: 'eos' : local variable is initialized but not referenced
       ResourceCompile:
         All outputs are up-to-date.
       Link:
         c:\app\VS2010\VC\bin\link.exe /ERRORREPORT:PROMPT /OUT:"C:\Development\SoundRecorder\Debug\SoundRecorderProject.exe" /NOLOGO /LIBPATH:"C:\Program Files (x86)\Microsoft DirectX SDK\Lib\x86" /LIBPATH:"C:\Program Files (x86)\Microsoft DirectX SDK\Lib" /LIBPATH:"C:\Development\SoundRecorder\OggVorbis-1.3.6\lib\ogg\Debug" /LIBPATH:"C:\Development\SoundRecorder\OggVorbis-1.3.6\lib\vorbis\Debug" /LIBPATH:"C:\Development\SoundRecorder\OggVorbis-1.3.6\lib" /LIBPATH:"C:\Program Files (x86)\Microsoft DirectX SDK (June 2010)\Lib\x86" libvorbis.lib libvorbisfile.lib libogg.lib dsound.lib winmm.lib dxguid.lib kernel32.lib user32.lib gdi32.lib winspool.lib comdlg32.lib advapi32.lib shell32.lib ole32.lib oleaut32.lib uuid.lib odbc32.lib odbccp32.lib /MANIFEST /ManifestFile:"Debug\SoundRecorderProject.exe.intermediate.manifest" /MANIFESTUAC:"level='asInvoker' uiAccess='false'" /DEBUG /PDB:"C:\Development\SoundRecorder\Debug\SoundRecorderProject.pdb" /TLBID:1 /DYNAMICBASE /NXCOMPAT /IMPLIB:"C:\Development\SoundRecorder\Debug\SoundRecorderProject.lib" /MACHINE:X86 Debug\resources.res
         Debug\main.obj
         Debug\MyMMFile.obj
         Debug\MyRecorder.obj
         Debug\OGGencoder.obj
         LINK : C:\Development\SoundRecorder\Debug\SoundRecorderProject.exe not found or not built by the last incremental link; performing full link
         directxProject.vcxproj -> C:\Development\SoundRecorder\Debug\SoundRecorderProject.exe
       Manifest:
         c:\Program Files (x86)\Microsoft SDKs\Windows\v7.0A\bin\mt.exe /nologo /verbose /outputresource:"C:\Development\SoundRecorder\Debug\SoundRecorderProject.exe;#1" /manifest Debug\SoundRecorderProject.exe.intermediate.manifest
       BscMake:
         All outputs are up-to-date.
       FinalizeBuildStatus:
         Deleting file "Debug\SoundRecorderProject.unsuccessfulbuild".
         Touching "Debug\SoundRecorderProject.lastbuildstate".
     1>Done Building Project "C:\Development\SoundRecorder\directxProject\directxProject.vcxproj" (build target(s)).

Build succeeded.

Time Elapsed 00:00:01.94
