C:\DEVELOPMENT\SOUNDRECORDER\DEBUG\SOUNDRECORDERPROJECT.BSC
C:\DEVELOPMENT\SOUNDRECORDER\DEBUG\SOUNDRECORDERPROJECT.EXE
C:\DEVELOPMENT\SOUNDRECORDER\DEBUG\SOUNDRECORDERPROJECT.ILK
C:\DEVELOPMENT\SOUNDRECORDER\DEBUG\SOUNDRECORDERPROJECT.PDB
C:\Development\SoundRecorder\directxProject\Debug\BscMake.command.1.tlog
C:\Development\SoundRecorder\directxProject\Debug\bscmake.read.1.tlog
C:\Development\SoundRecorder\directxProject\Debug\bscmake.write.1.tlog
C:\Development\SoundRecorder\directxProject\Debug\cl.command.1.tlog
C:\Development\SoundRecorder\directxProject\Debug\CL.read.1.tlog
C:\Development\SoundRecorder\directxProject\Debug\CL.write.1.tlog
C:\Development\SoundRecorder\directxProject\Debug\link.command.1.tlog
C:\Development\SoundRecorder\directxProject\Debug\link.read.1.tlog
C:\Development\SoundRecorder\directxProject\Debug\link.write.1.tlog
C:\Development\SoundRecorder\directxProject\Debug\link-cvtres.read.1.tlog
C:\Development\SoundRecorder\directxProject\Debug\link-cvtres.write.1.tlog
C:\DEVELOPMENT\SOUNDRECORDER\DIRECTXPROJECT\DEBUG\MAIN.OBJ
C:\DEVELOPMENT\SOUNDRECORDER\DIRECTXPROJECT\DEBUG\MAIN.SBR
C:\Development\SoundRecorder\directxProject\Debug\mt.command.1.tlog
C:\Development\SoundRecorder\directxProject\Debug\mt.read.1.tlog
C:\Development\SoundRecorder\directxProject\Debug\mt.write.1.tlog
C:\DEVELOPMENT\SOUNDRECORDER\DIRECTXPROJECT\DEBUG\MYMMFILE.OBJ
C:\DEVELOPMENT\SOUNDRECORDER\DIRECTXPROJECT\DEBUG\MYMMFILE.SBR
C:\DEVELOPMENT\SOUNDRECORDER\DIRECTXPROJECT\DEBUG\MYRECORDER.OBJ
C:\DEVELOPMENT\SOUNDRECORDER\DIRECTXPROJECT\DEBUG\MYRECORDER.SBR
C:\DEVELOPMENT\SOUNDRECORDER\DIRECTXPROJECT\DEBUG\OGGENCODER.OBJ
C:\DEVELOPMENT\SOUNDRECORDER\DIRECTXPROJECT\DEBUG\OGGENCODER.SBR
C:\Development\SoundRecorder\directxProject\Debug\rc.command.1.tlog
C:\Development\SoundRecorder\directxProject\Debug\rc.read.1.tlog
C:\Development\SoundRecorder\directxProject\Debug\rc.write.1.tlog
C:\DEVELOPMENT\SOUNDRECORDER\DIRECTXPROJECT\DEBUG\RESOURCES.RES
C:\DEVELOPMENT\SOUNDRECORDER\DIRECTXPROJECT\DEBUG\SOUNDRECORDERPROJECT.EXE.INTERMEDIATE.MANIFEST
C:\Development\SoundRecorder\directxProject\Debug\SoundRecorderProject.write.1.tlog
