C:\Development\SoundRecorder\directxProject\Release\cl.command.1.tlog
C:\Development\SoundRecorder\directxProject\Release\CL.read.1.tlog
C:\Development\SoundRecorder\directxProject\Release\CL.write.1.tlog
C:\Development\SoundRecorder\directxProject\Release\link.command.1.tlog
C:\Development\SoundRecorder\directxProject\Release\link.read.1.tlog
C:\Development\SoundRecorder\directxProject\Release\link.write.1.tlog
C:\Development\SoundRecorder\directxProject\Release\link-cvtres.read.1.tlog
C:\Development\SoundRecorder\directxProject\Release\link-cvtres.write.1.tlog
C:\DEVELOPMENT\SOUNDRECORDER\DIRECTXPROJECT\RELEASE\MAIN.OBJ
C:\Development\SoundRecorder\directxProject\Release\mt.command.1.tlog
C:\Development\SoundRecorder\directxProject\Release\mt.read.1.tlog
C:\Development\SoundRecorder\directxProject\Release\mt.write.1.tlog
C:\DEVELOPMENT\SOUNDRECORDER\DIRECTXPROJECT\RELEASE\MYMMFILE.OBJ
C:\DEVELOPMENT\SOUNDRECORDER\DIRECTXPROJECT\RELEASE\MYRECORDER.OBJ
C:\DEVELOPMENT\SOUNDRECORDER\DIRECTXPROJECT\RELEASE\OGGENCODER.OBJ
C:\Development\SoundRecorder\directxProject\Release\rc.command.1.tlog
C:\Development\SoundRecorder\directxProject\Release\rc.read.1.tlog
C:\Development\SoundRecorder\directxProject\Release\rc.write.1.tlog
C:\DEVELOPMENT\SOUNDRECORDER\DIRECTXPROJECT\RELEASE\RESOURCES.RES
C:\DEVELOPMENT\SOUNDRECORDER\DIRECTXPROJECT\RELEASE\SOUNDRECORDER.EXE.INTERMEDIATE.MANIFEST
C:\Development\SoundRecorder\directxProject\Release\SoundRecorderProject.write.1.tlog
C:\DEVELOPMENT\SOUNDRECORDER\DIRECTXPROJECT\RELEASE\VC100.PDB
C:\DEVELOPMENT\SOUNDRECORDER\RELEASE\SOUNDRECORDER.EXE
C:\DEVELOPMENT\SOUNDRECORDER\RELEASE\SOUNDRECORDER.PDB
